2022-12-19 09:48:33.572 [info] Starting worker process with pid 98480 (type: fileWatcher, window: 1).
2022-12-19 09:48:37.796 [info] Uninstalling extension from the profile: ph-hawkins.arc-plus@1.0.2 vscode-userdata:/home/noah/.vscode-oss/extensions/extensions.json
2022-12-19 09:48:37.833 [info] Marked extension as uninstalled ph-hawkins.arc-plus-1.0.2-universal
2022-12-19 09:48:38.036 [info] Successfully uninstalled extension from the profile ph-hawkins.arc-plus@1.0.2 vscode-userdata:/home/noah/.vscode-oss/extensions/extensions.json
2022-12-19 09:48:41.136 [info] Uninstalling extension from the profile: catppuccin.catppuccin-vsc@2.5.0 vscode-userdata:/home/noah/.vscode-oss/extensions/extensions.json
2022-12-19 09:48:41.176 [info] Marked extension as uninstalled catppuccin.catppuccin-vsc-2.5.0-universal
2022-12-19 09:48:41.618 [info] Successfully uninstalled extension from the profile catppuccin.catppuccin-vsc@2.5.0 vscode-userdata:/home/noah/.vscode-oss/extensions/extensions.json
2022-12-19 09:48:43.662 [info] Uninstalling extension from the profile: arcticicestudio.nord-visual-studio-code@0.19.0 vscode-userdata:/home/noah/.vscode-oss/extensions/extensions.json
2022-12-19 09:48:43.700 [info] Marked extension as uninstalled arcticicestudio.nord-visual-studio-code-0.19.0-universal
2022-12-19 09:48:44.079 [info] Successfully uninstalled extension from the profile arcticicestudio.nord-visual-studio-code@0.19.0 vscode-userdata:/home/noah/.vscode-oss/extensions/extensions.json
2022-12-19 09:48:55.598 [info] Getting Manifest... zhuangtongfa.material-theme
2022-12-19 09:48:55.829 [info] Installing extension: zhuangtongfa.material-theme
2022-12-19 09:49:06.445 [info] Extracted extension to /home/noah/.vscode-oss/extensions/.d8ebc72d-740e-421c-89de-62e78234bf3b: zhuangtongfa.material-theme
2022-12-19 09:49:06.457 [info] Renamed to /home/noah/.vscode-oss/extensions/zhuangtongfa.material-theme-3.15.6-universal
2022-12-19 09:49:06.459 [info] Extracting completed. zhuangtongfa.material-theme
2022-12-19 09:49:06.466 [info] Extension installed successfully: zhuangtongfa.material-theme
2022-12-19 10:00:38.151 [info] Starting worker process with pid 109133 (type: fileWatcher, window: 3).
2022-12-19 10:00:59.479 [info] Worker process with pid 109133 terminated normally (type: fileWatcher, window: 3).
2022-12-19 10:01:14.978 [info] Starting worker process with pid 109445 (type: fileWatcher, window: 4).
2022-12-19 10:01:16.040 [info] Worker process with pid 109445 terminated normally (type: fileWatcher, window: 4).
2022-12-19 10:01:20.258 [info] Starting worker process with pid 109673 (type: fileWatcher, window: 5).
2022-12-19 10:05:54.749 [info] Worker process with pid 98480 terminated normally (type: fileWatcher, window: 1).
