2022-12-19 10:01:20.882 [info] Log level: Info
2022-12-19 10:01:20.882 [info] Validating found git in: "git"
2022-12-19 10:01:20.882 [info] Using git "2.39.0" from "git"
2022-12-19 10:01:20.882 [info] > git rev-parse --show-toplevel [5ms]
2022-12-19 10:01:20.882 [info] fatal: not a git repository (or any of the parent directories): .git
2022-12-19 10:01:20.883 [info] > git rev-parse --show-toplevel [2ms]
2022-12-19 10:01:20.883 [info] fatal: not a git repository (or any of the parent directories): .git
2022-12-19 10:01:20.924 [info] > git rev-parse --show-toplevel [46ms]
2022-12-19 10:01:20.924 [info] fatal: not a git repository (or any of the parent directories): .git
2022-12-19 10:01:20.953 [info] > git rev-parse --show-toplevel [24ms]
2022-12-19 10:01:20.953 [info] fatal: not a git repository (or any of the parent directories): .git
2022-12-19 10:01:31.255 [info] > git rev-parse --show-toplevel [8ms]
2022-12-19 10:01:31.255 [info] fatal: not a git repository (or any of the parent directories): .git
2022-12-19 10:01:37.488 [info] > git rev-parse --show-toplevel [1ms]
2022-12-19 10:01:37.488 [info] fatal: not a git repository (or any of the parent directories): .git
2022-12-19 10:01:39.519 [info] > git rev-parse --show-toplevel [5ms]
2022-12-19 10:01:39.519 [info] fatal: not a git repository (or any of the parent directories): .git
2022-12-19 10:01:40.235 [info] > git rev-parse --show-toplevel [18ms]
2022-12-19 10:01:40.235 [info] fatal: not a git repository (or any of the parent directories): .git
2022-12-19 10:01:41.000 [info] > git rev-parse --show-toplevel [4ms]
2022-12-19 10:01:41.000 [info] fatal: not a git repository (or any of the parent directories): .git
