2022-12-19 10:01:15.427 [info] Extension host with pid 109444 started
2022-12-19 10:01:15.427 [info] Skipping acquiring lock for /home/noah/.config/Code - OSS/User/workspaceStorage/53d9000dade073ac4861a7ca4e3058c2.
2022-12-19 10:01:15.499 [info] ExtensionService#_doActivateExtension vscode.git-base, startup: true, activationEvent: '*', root cause: vscode.git
2022-12-19 10:01:15.499 [info] ExtensionService#_doActivateExtension LaurentTreguier.vscode-simple-icons, startup: true, activationEvent: '*'
2022-12-19 10:01:15.499 [info] ExtensionService#_doActivateExtension vscode.npm, startup: true, activationEvent: 'workspaceContains:package.json'
2022-12-19 10:01:15.550 [info] ExtensionService#_doActivateExtension vscode.git, startup: true, activationEvent: '*'
2022-12-19 10:01:15.550 [info] ExtensionService#_doActivateExtension vscode.github, startup: true, activationEvent: '*'
2022-12-19 10:01:15.609 [info] Eager extensions activated
2022-12-19 10:01:15.620 [info] ExtensionService#_doActivateExtension vscode.debug-auto-launch, startup: false, activationEvent: 'onStartupFinished'
2022-12-19 10:01:15.621 [info] ExtensionService#_doActivateExtension vscode.emmet, startup: false, activationEvent: 'onStartupFinished'
2022-12-19 10:01:15.621 [info] ExtensionService#_doActivateExtension vscode.merge-conflict, startup: false, activationEvent: 'onStartupFinished'
2022-12-19 10:01:15.621 [info] ExtensionService#_doActivateExtension Gruntfuggly.todo-tree, startup: false, activationEvent: 'onStartupFinished'
2022-12-19 10:01:15.621 [info] ExtensionService#_doActivateExtension zhuangtongfa.material-theme, startup: false, activationEvent: 'onStartupFinished'
2022-12-19 10:01:16.026 [info] Extension host terminating: received terminate message from renderer
2022-12-19 10:01:16.040 [error] An error occurred when deactivating the subscriptions for extension 'Gruntfuggly.todo-tree':
2022-12-19 10:01:16.043 [error] AggregateError: Encountered errors while disposing of store
	at y (/usr/lib/code/out/vs/workbench/api/node/extensionHostProcess.js:10:12197)
	at d.X (/usr/lib/code/out/vs/workbench/api/node/extensionHostProcess.js:106:11533)
	at /usr/lib/code/out/vs/workbench/api/node/extensionHostProcess.js:106:9301
	at Array.map (<anonymous>)
	at d.Q (/usr/lib/code/out/vs/workbench/api/node/extensionHostProcess.js:106:9288)
	at d.terminate (/usr/lib/code/out/vs/workbench/api/node/extensionHostProcess.js:106:9563)
	at f.terminate (/usr/lib/code/out/vs/workbench/api/node/extensionHostProcess.js:110:1397)
	at b (/usr/lib/code/out/vs/workbench/api/node/extensionHostProcess.js:120:17815)
	at /usr/lib/code/out/vs/workbench/api/node/extensionHostProcess.js:120:15750
	at d.invoke (/usr/lib/code/out/vs/workbench/api/node/extensionHostProcess.js:63:145)
	at w.deliver (/usr/lib/code/out/vs/workbench/api/node/extensionHostProcess.js:63:2029)
	at g.fire (/usr/lib/code/out/vs/workbench/api/node/extensionHostProcess.js:63:1667)
	at h.fire (/usr/lib/code/out/vs/workbench/api/node/extensionHostProcess.js:72:14314)
	at c.y (/usr/lib/code/out/vs/workbench/api/node/extensionHostProcess.js:72:17324)
	at /usr/lib/code/out/vs/workbench/api/node/extensionHostProcess.js:72:15795
	at d.invoke (/usr/lib/code/out/vs/workbench/api/node/extensionHostProcess.js:63:145)
	at w.deliver (/usr/lib/code/out/vs/workbench/api/node/extensionHostProcess.js:63:2029)
	at g.fire (/usr/lib/code/out/vs/workbench/api/node/extensionHostProcess.js:63:1667)
	at g.acceptChunk (/usr/lib/code/out/vs/workbench/api/node/extensionHostProcess.js:72:12045)
	at /usr/lib/code/out/vs/workbench/api/node/extensionHostProcess.js:72:11332
	at Socket.l (/usr/lib/code/out/vs/workbench/api/node/extensionHostProcess.js:72:19792)
	at Socket.emit (node:events:526:28)
	at addChunk (node:internal/streams/readable:315:12)
	at readableAddChunk (node:internal/streams/readable:289:9)
	at Readable.push (node:internal/streams/readable:228:10)
	at Pipe.onStreamRead (node:internal/stream_base_commons:190:23)
2022-12-19 10:01:16.044 [info] Extension host with pid 109444 exiting with code 0
